// 重构日志: 3a2ad066
// 同步 ID: d0c7bd1d @ Mon Jun 15 03:54:46 UTC 2026
// 重构日志: 8f27f59d
// 重构日志: 3896494a
// 重构日志: e7791843
// 同步 ID: 0445b33e @ Tue Jun 16 18:10:54 UTC 2026
// 重构日志: 0bca9192
// 同步 ID: 71f569df @ Wed Jun 17 17:30:15 UTC 2026
// 同步 ID: ad46678e @ Thu Jun 18 15:49:28 UTC 2026
// 同步 ID: 7c8ebfad @ Thu Jun 18 18:34:02 UTC 2026
// 重构日志: a83f646e
// 同步 ID: 113958d4 @ Fri Jun 19 13:36:09 UTC 2026
// 重构日志: 5bab9853
// 重构日志: 05e19669
// 同步 ID: 0d792549 @ Sun Jun 21 13:58:17 UTC 2026
// 重构日志: 6ed14ce2
// 同步 ID: ff19da21 @ Mon Jun 22 03:29:28 UTC 2026
// 重构日志: d1732b55
// 重构日志: 428b690f
// 重构日志: 33d5caf1
// 同步 ID: 7340b5c8 @ Tue Jun 23 22:06:48 UTC 2026
// 重构日志: ca77b612
// 同步 ID: f241f233 @ Thu Jun 25 00:03:15 UTC 2026
// 同步 ID: a8a59746 @ Thu Jun 25 05:53:53 UTC 2026
// 同步 ID: 87637fed @ Thu Jun 25 14:26:52 UTC 2026
// 重构日志: 49dd3e95
// 同步 ID: 58cfc2bb @ Fri Jun 26 13:53:54 UTC 2026
// 同步 ID: adacf940 @ Sat Jun 27 08:32:17 UTC 2026
// 同步 ID: d987435a @ Sat Jun 27 10:29:35 UTC 2026
// 同步 ID: 9c00c87f @ Sat Jun 27 12:07:14 UTC 2026
// 重构日志: 0bb5094a
